  Block.cpp
  BlockPool.cpp
C:\Projects\C++\technical-challange\Sprite.h(2,10): fatal  error C1083: Cannot open include file: 'SDL.h': No such file or directory
  EntityPool.cpp
C:\Projects\C++\technical-challange\EntityPool.cpp(19,43): warning C4267: 'argument': conversion from 'size_t' to 'int', possible loss of data
  Game.cpp
C:\Projects\C++\technical-challange\Game.h(2,10): fatal  error C1083: Cannot open include file: 'SDL.h': No such file or directory
  GameManager.cpp
C:\Projects\C++\technical-challange\Game.h(2,10): fatal  error C1083: Cannot open include file: 'SDL.h': No such file or directory
  Grid.cpp
C:\Projects\C++\technical-challange\Grid.cpp(6,22): warning C4244: '=': conversion from 'int' to 'float', possible loss of data
C:\Projects\C++\technical-challange\Grid.cpp(7,22): warning C4244: '=': conversion from 'int' to 'float', possible loss of data
C:\Projects\C++\technical-challange\Grid.cpp(8,15): warning C4244: '=': conversion from 'int' to 'float', possible loss of data
C:\Projects\C++\technical-challange\Grid.cpp(9,15): warning C4244: '=': conversion from 'int' to 'float', possible loss of data
C:\Projects\C++\technical-challange\Grid.cpp(10,15): warning C4244: '=': conversion from 'int' to 'float', possible loss of data
C:\Projects\C++\technical-challange\Grid.cpp(11,15): warning C4244: '=': conversion from 'int' to 'float', possible loss of data
C:\Projects\C++\technical-challange\Grid.cpp(37,17): warning C4244: 'argument': conversion from 'float' to 'const unsigned __int64', possible loss of data
C:\Projects\C++\technical-challange\Grid.cpp(37,25): warning C4244: 'argument': conversion from 'float' to 'const unsigned __int64', possible loss of data
C:\Projects\C++\technical-challange\Grid.cpp(52,66): warning C4244: '=': conversion from 'int' to 'float', possible loss of data
C:\Projects\C++\technical-challange\Grid.cpp(53,66): warning C4244: '=': conversion from 'int' to 'float', possible loss of data
C:\Projects\C++\technical-challange\Grid.cpp(62,61): warning C4244: '=': conversion from 'int' to 'float', possible loss of data
C:\Projects\C++\technical-challange\Grid.cpp(63,61): warning C4244: '=': conversion from 'int' to 'float', possible loss of data
C:\Projects\C++\technical-challange\Grid.cpp(72,23): warning C4244: 'argument': conversion from 'float' to 'const unsigned __int64', possible loss of data
C:\Projects\C++\technical-challange\Grid.cpp(72,41): warning C4244: 'argument': conversion from 'float' to 'const unsigned __int64', possible loss of data
C:\Projects\C++\technical-challange\Grid.cpp(85,16): warning C4244: 'argument': conversion from 'float' to 'const unsigned __int64', possible loss of data
C:\Projects\C++\technical-challange\Grid.cpp(85,27): warning C4244: 'argument': conversion from 'float' to 'const unsigned __int64', possible loss of data
C:\Projects\C++\technical-challange\Grid.cpp(86,16): warning C4244: 'argument': conversion from 'float' to 'const unsigned __int64', possible loss of data
C:\Projects\C++\technical-challange\Grid.cpp(86,27): warning C4244: 'argument': conversion from 'float' to 'const unsigned __int64', possible loss of data
  main.cpp
C:\Projects\C++\technical-challange\Game.h(2,10): fatal  error C1083: Cannot open include file: 'SDL.h': No such file or directory
  PlayerController.cpp
C:\Projects\C++\technical-challange\Game.h(2,10): fatal  error C1083: Cannot open include file: 'SDL.h': No such file or directory
  Sprite.cpp
C:\Projects\C++\technical-challange\Sprite.h(2,10): fatal  error C1083: Cannot open include file: 'SDL.h': No such file or directory
  TextureManager.cpp
C:\Projects\C++\technical-challange\Game.h(2,10): fatal  error C1083: Cannot open include file: 'SDL.h': No such file or directory
  Transform.cpp
C:\Projects\C++\technical-challange\Transform.cpp(98,23): warning C4244: '=': conversion from 'double' to 'float', possible loss of data
C:\Projects\C++\technical-challange\Transform.cpp(99,23): warning C4244: '=': conversion from 'double' to 'float', possible loss of data
  Vector2D.cpp
