  Block.cpp
  BlockPool.cpp
  EntityPool.cpp
C:\Projects\C++\technical-challange\EntityPool.cpp(19,43): warning C4267: 'argument': conversion from 'size_t' to 'int', possible loss of data
  Game.cpp
C:\Projects\C++\technical-challange\Transform.h(5,1): warning C4005: 'M_PI': macro redefinition
C:\Projects\C++\technical-challange\Dev\SDL2\include\SDL_stdinc.h(614,1): message : see previous definition of 'M_PI'
  GameManager.cpp
C:\Projects\C++\technical-challange\GameManager.cpp(113,28): warning C4244: 'argument': conversion from 'float' to 'int', possible loss of data
C:\Projects\C++\technical-challange\GameManager.cpp(130,48): warning C4244: 'argument': conversion from 'float' to 'const unsigned __int64', possible loss of data
C:\Projects\C++\technical-challange\GameManager.cpp(130,60): warning C4244: 'argument': conversion from 'float' to 'const unsigned __int64', possible loss of data
C:\Projects\C++\technical-challange\GameManager.cpp(137,48): warning C4244: 'argument': conversion from 'float' to 'const unsigned __int64', possible loss of data
C:\Projects\C++\technical-challange\GameManager.cpp(137,60): warning C4244: 'argument': conversion from 'float' to 'const unsigned __int64', possible loss of data
C:\Projects\C++\technical-challange\GameManager.cpp(144,45): warning C4244: 'argument': conversion from 'float' to 'const unsigned __int64', possible loss of data
C:\Projects\C++\technical-challange\GameManager.cpp(144,59): warning C4244: 'argument': conversion from 'float' to 'const unsigned __int64', possible loss of data
C:\Projects\C++\technical-challange\GameManager.cpp(151,45): warning C4244: 'argument': conversion from 'float' to 'const unsigned __int64', possible loss of data
C:\Projects\C++\technical-challange\GameManager.cpp(151,59): warning C4244: 'argument': conversion from 'float' to 'const unsigned __int64', possible loss of data
C:\Projects\C++\technical-challange\GameManager.cpp(178,27): warning C4244: 'argument': conversion from 'float' to 'int', possible loss of data
  Grid.cpp
C:\Projects\C++\technical-challange\Grid.cpp(6,22): warning C4244: '=': conversion from 'int' to 'float', possible loss of data
C:\Projects\C++\technical-challange\Grid.cpp(7,22): warning C4244: '=': conversion from 'int' to 'float', possible loss of data
C:\Projects\C++\technical-challange\Grid.cpp(8,15): warning C4244: '=': conversion from 'int' to 'float', possible loss of data
C:\Projects\C++\technical-challange\Grid.cpp(9,15): warning C4244: '=': conversion from 'int' to 'float', possible loss of data
C:\Projects\C++\technical-challange\Grid.cpp(10,15): warning C4244: '=': conversion from 'int' to 'float', possible loss of data
C:\Projects\C++\technical-challange\Grid.cpp(11,15): warning C4244: '=': conversion from 'int' to 'float', possible loss of data
C:\Projects\C++\technical-challange\Grid.cpp(37,17): warning C4244: 'argument': conversion from 'float' to 'const unsigned __int64', possible loss of data
C:\Projects\C++\technical-challange\Grid.cpp(37,25): warning C4244: 'argument': conversion from 'float' to 'const unsigned __int64', possible loss of data
C:\Projects\C++\technical-challange\Grid.cpp(52,66): warning C4244: '=': conversion from 'int' to 'float', possible loss of data
C:\Projects\C++\technical-challange\Grid.cpp(53,66): warning C4244: '=': conversion from 'int' to 'float', possible loss of data
C:\Projects\C++\technical-challange\Grid.cpp(62,61): warning C4244: '=': conversion from 'int' to 'float', possible loss of data
C:\Projects\C++\technical-challange\Grid.cpp(63,61): warning C4244: '=': conversion from 'int' to 'float', possible loss of data
C:\Projects\C++\technical-challange\Grid.cpp(72,23): warning C4244: 'argument': conversion from 'float' to 'const unsigned __int64', possible loss of data
C:\Projects\C++\technical-challange\Grid.cpp(72,41): warning C4244: 'argument': conversion from 'float' to 'const unsigned __int64', possible loss of data
C:\Projects\C++\technical-challange\Grid.cpp(85,16): warning C4244: 'argument': conversion from 'float' to 'const unsigned __int64', possible loss of data
C:\Projects\C++\technical-challange\Grid.cpp(85,27): warning C4244: 'argument': conversion from 'float' to 'const unsigned __int64', possible loss of data
C:\Projects\C++\technical-challange\Grid.cpp(86,16): warning C4244: 'argument': conversion from 'float' to 'const unsigned __int64', possible loss of data
C:\Projects\C++\technical-challange\Grid.cpp(86,27): warning C4244: 'argument': conversion from 'float' to 'const unsigned __int64', possible loss of data
  main.cpp
C:\Projects\C++\technical-challange\main.cpp(23,32): warning C4244: '=': conversion from 'Uint32' to 'float', possible loss of data
C:\Projects\C++\technical-challange\main.cpp(29,25): warning C4244: 'argument': conversion from 'float' to 'Uint32', possible loss of data
  PlayerController.cpp
C:\Projects\C++\technical-challange\Transform.h(5,1): warning C4005: 'M_PI': macro redefinition
C:\Projects\C++\technical-challange\Dev\SDL2\include\SDL_stdinc.h(614,1): message : see previous definition of 'M_PI'
  Sprite.cpp
C:\Projects\C++\technical-challange\Transform.h(5,1): warning C4005: 'M_PI': macro redefinition
C:\Projects\C++\technical-challange\Dev\SDL2\include\SDL_stdinc.h(614,1): message : see previous definition of 'M_PI'
  TextureManager.cpp
  Transform.cpp
C:\Projects\C++\technical-challange\Transform.cpp(98,23): warning C4244: '=': conversion from 'double' to 'float', possible loss of data
C:\Projects\C++\technical-challange\Transform.cpp(99,23): warning C4244: '=': conversion from 'double' to 'float', possible loss of data
  Vector2D.cpp
  Generating Code...
LINK : fatal error LNK1104: cannot open file 'SDL.lib'
